<?xml version="1.0" encoding="UTF-8"?>
<!-- Generated by org.testng.reporters.JUnitReportReporter -->
<testsuite hostname="DESKTOP-BJINFAG" failures="0" tests="1" name="OverridingSameClass$A" time="0.016" errors="1" timestamp="02 Mar 2020 19:09:10 GMT" skipped="0">
  <testcase classname="OverridingSameClass$A" name="abc" time="0.016">
    <error type="java.lang.StackOverflowError">
      <![CDATA[java.lang.StackOverflowError
at OverridingSameClass$A.abc(OverridingSameClass.java:17)
at OverridingSameClass$A.abc(OverridingSameClass.java:17)
at OverridingSameClass$A.abc(OverridingSameClass.java:17)
at OverridingSameClass$A.abc(OverridingSameClass.java:17)
at OverridingSameClass$A.abc(OverridingSameClass.java:17)
at OverridingSameClass$A.abc(OverridingSameClass.java:17)
at OverridingSameClass$A.abc(OverridingSameClass.java:17)
at OverridingSameClass$A.abc(OverridingSameClass.java:17)
at OverridingSameClass$A.abc(OverridingSameClass.java:17)
at OverridingSameClass$A.abc(OverridingSameClass.java:17)
at OverridingSameClass$A.abc(OverridingSameClass.java:17)
at OverridingSameClass$A.abc(OverridingSameClass.java:17)
at OverridingSameClass$A.abc(OverridingSameClass.java:17)
at OverridingSameClass$A.abc(OverridingSameClass.java:17)
at OverridingSameClass$A.abc(OverridingSameClass.java:17)
at OverridingSameClass$A.abc(OverridingSameClass.java:17)
at OverridingSameClass$A.abc(OverridingSameClass.java:17)
at OverridingSameClass$A.abc(OverridingSameClass.java:17)
at OverridingSameClass$A.abc(OverridingSameClass.java:17)
at OverridingSameClass$A.abc(OverridingSameClass.java:17)
at OverridingSameClass$A.abc(OverridingSameClass.java:17)
at OverridingSameClass$A.abc(OverridingSameClass.java:17)
at OverridingSameClass$A.abc(OverridingSameClass.java:17)
at OverridingSameClass$A.abc(OverridingSameClass.java:17)
at OverridingSameClass$A.abc(OverridingSameClass.java:17)
at OverridingSameClass$A.abc(OverridingSameClass.java:17)
at OverridingSameClass$A.abc(OverridingSameClass.java:17)
at OverridingSameClass$A.abc(OverridingSameClass.java:17)
at OverridingSameClass$A.abc(OverridingSameClass.java:17)
at OverridingSameClass$A.abc(OverridingSameClass.java:17)
at OverridingSameClass$A.abc(OverridingSameClass.java:17)
at OverridingSameClass$A.abc(OverridingSameClass.java:17)
at OverridingSameClass$A.abc(OverridingSameClass.java:17)
at OverridingSameClass$A.abc(OverridingSameClass.java:17)
at OverridingSameClass$A.abc(OverridingSameClass.java:17)
at OverridingSameClass$A.abc(OverridingSameClass.java:17)
at OverridingSameClass$A.abc(OverridingSameClass.java:17)
at OverridingSameClass$A.abc(OverridingSameClass.java:17)
at OverridingSameClass$A.abc(OverridingSameClass.java:17)
at OverridingSameClass$A.abc(OverridingSameClass.java:17)
at OverridingSameClass$A.abc(OverridingSameClass.java:17)
at OverridingSameClass$A.abc(OverridingSameClass.java:17)
at OverridingSameClass$A.abc(OverridingSameClass.java:17)
at OverridingSameClass$A.abc(OverridingSameClass.java:17)
at OverridingSameClass$A.abc(OverridingSameClass.java:17)
at OverridingSameClass$A.abc(OverridingSameClass.java:17)
at OverridingSameClass$A.abc(OverridingSameClass.java:17)
at OverridingSameClass$A.abc(OverridingSameClass.java:17)
at OverridingSameClass$A.abc(OverridingSameClass.java:17)
at OverridingSameClass$A.abc(OverridingSameClass.java:17)
at OverridingSameClass$A.abc(OverridingSameClass.java:17)
at OverridingSameClass$A.abc(OverridingSameClass.java:17)
at OverridingSameClass$A.abc(OverridingSameClass.java:17)
at OverridingSameClass$A.abc(OverridingSameClass.java:17)
at OverridingSameClass$A.abc(OverridingSameClass.java:17)
at OverridingSameClass$A.abc(OverridingSameClass.java:17)
at OverridingSameClass$A.abc(OverridingSameClass.java:17)
at OverridingSameClass$A.abc(OverridingSameClass.java:17)
at OverridingSameClass$A.abc(OverridingSameClass.java:17)
at OverridingSameClass$A.abc(OverridingSameClass.java:17)
at OverridingSameClass$A.abc(OverridingSameClass.java:17)
at OverridingSameClass$A.abc(OverridingSameClass.java:17)
at OverridingSameClass$A.abc(OverridingSameClass.java:17)
at OverridingSameClass$A.abc(OverridingSameClass.java:17)
at OverridingSameClass$A.abc(OverridingSameClass.java:17)
at OverridingSameClass$A.abc(OverridingSameClass.java:17)
at OverridingSameClass$A.abc(OverridingSameClass.java:17)
at OverridingSameClass$A.abc(OverridingSameClass.java:17)
at OverridingSameClass$A.abc(OverridingSameClass.java:17)
at OverridingSameClass$A.abc(OverridingSameClass.java:17)
at OverridingSameClass$A.abc(OverridingSameClass.java:17)
at OverridingSameClass$A.abc(OverridingSameClass.java:17)
at OverridingSameClass$A.abc(OverridingSameClass.java:17)
at OverridingSameClass$A.abc(OverridingSameClass.java:17)
at OverridingSameClass$A.abc(OverridingSameClass.java:17)
at OverridingSameClass$A.abc(OverridingSameClass.java:17)
at OverridingSameClass$A.abc(OverridingSameClass.java:17)
at OverridingSameClass$A.abc(OverridingSameClass.java:17)
at OverridingSameClass$A.abc(OverridingSameClass.java:17)
at OverridingSameClass$A.abc(OverridingSameClass.java:17)
at OverridingSameClass$A.abc(OverridingSameClass.java:17)
at OverridingSameClass$A.abc(OverridingSameClass.java:17)
at OverridingSameClass$A.abc(OverridingSameClass.java:17)
at OverridingSameClass$A.abc(OverridingSameClass.java:17)
at OverridingSameClass$A.abc(OverridingSameClass.java:17)
at OverridingSameClass$A.abc(OverridingSameClass.java:17)
at OverridingSameClass$A.abc(OverridingSameClass.java:17)
at OverridingSameClass$A.abc(OverridingSameClass.java:17)
at OverridingSameClass$A.abc(OverridingSameClass.java:17)
at OverridingSameClass$A.abc(OverridingSameClass.java:17)
at OverridingSameClass$A.abc(OverridingSameClass.java:17)
at OverridingSameClass$A.abc(OverridingSameClass.java:17)
at OverridingSameClass$A.abc(OverridingSameClass.java:17)
at OverridingSameClass$A.abc(OverridingSameClass.java:17)
at OverridingSameClass$A.abc(OverridingSameClass.java:17)
at OverridingSameClass$A.abc(OverridingSameClass.java:17)
at OverridingSameClass$A.abc(OverridingSameClass.java:17)
at OverridingSameClass$A.abc(OverridingSameClass.java:17)
at OverridingSameClass$A.abc(OverridingSameClass.java:17)
at OverridingSameClass$A.abc(OverridingSameClass.java:17)
at OverridingSameClass$A.abc(OverridingSameClass.java:17)
at OverridingSameClass$A.abc(OverridingSameClass.java:17)
at OverridingSameClass$A.abc(OverridingSameClass.java:17)
at OverridingSameClass$A.abc(OverridingSameClass.java:17)
at OverridingSameClass$A.abc(OverridingSameClass.java:17)
at OverridingSameClass$A.abc(OverridingSameClass.java:17)
at OverridingSameClass$A.abc(OverridingSameClass.java:17)
at OverridingSameClass$A.abc(OverridingSameClass.java:17)
at OverridingSameClass$A.abc(OverridingSameClass.java:17)
at OverridingSameClass$A.abc(OverridingSameClass.java:17)
at OverridingSameClass$A.abc(OverridingSameClass.java:17)
at OverridingSameClass$A.abc(OverridingSameClass.java:17)
at OverridingSameClass$A.abc(OverridingSameClass.java:17)
at OverridingSameClass$A.abc(OverridingSameClass.java:17)
at OverridingSameClass$A.abc(OverridingSameClass.java:17)
at OverridingSameClass$A.abc(OverridingSameClass.java:17)
at OverridingSameClass$A.abc(OverridingSameClass.java:17)
at OverridingSameClass$A.abc(OverridingSameClass.java:17)
at OverridingSameClass$A.abc(OverridingSameClass.java:17)
at OverridingSameClass$A.abc(OverridingSameClass.java:17)
at OverridingSameClass$A.abc(OverridingSameClass.java:17)
at OverridingSameClass$A.abc(OverridingSameClass.java:17)
at OverridingSameClass$A.abc(OverridingSameClass.java:17)
at OverridingSameClass$A.abc(OverridingSameClass.java:17)
at OverridingSameClass$A.abc(OverridingSameClass.java:17)
at OverridingSameClass$A.abc(OverridingSameClass.java:17)
at OverridingSameClass$A.abc(OverridingSameClass.java:17)
at OverridingSameClass$A.abc(OverridingSameClass.java:17)
at OverridingSameClass$A.abc(OverridingSameClass.java:17)
at OverridingSameClass$A.abc(OverridingSameClass.java:17)
at OverridingSameClass$A.abc(OverridingSameClass.java:17)
at OverridingSameClass$A.abc(OverridingSameClass.java:17)
at OverridingSameClass$A.abc(OverridingSameClass.java:17)
at OverridingSameClass$A.abc(OverridingSameClass.java:17)
at OverridingSameClass$A.abc(OverridingSameClass.java:17)
at OverridingSameClass$A.abc(OverridingSameClass.java:17)
at OverridingSameClass$A.abc(OverridingSameClass.java:17)
at OverridingSameClass$A.abc(OverridingSameClass.java:17)
at OverridingSameClass$A.abc(OverridingSameClass.java:17)
at OverridingSameClass$A.abc(OverridingSameClass.java:17)
at OverridingSameClass$A.abc(OverridingSameClass.java:17)
at OverridingSameClass$A.abc(OverridingSameClass.java:17)
at OverridingSameClass$A.abc(OverridingSameClass.java:17)
at OverridingSameClass$A.abc(OverridingSameClass.java:17)
at OverridingSameClass$A.abc(OverridingSameClass.java:17)
at OverridingSameClass$A.abc(OverridingSameClass.java:17)
at OverridingSameClass$A.abc(OverridingSameClass.java:17)
at OverridingSameClass$A.abc(OverridingSameClass.java:17)
at OverridingSameClass$A.abc(OverridingSameClass.java:17)
at OverridingSameClass$A.abc(OverridingSameClass.java:17)
at OverridingSameClass$A.abc(OverridingSameClass.java:17)
at OverridingSameClass$A.abc(OverridingSameClass.java:17)
at OverridingSameClass$A.abc(OverridingSameClass.java:17)
at OverridingSameClass$A.abc(OverridingSameClass.java:17)
at OverridingSameClass$A.abc(OverridingSameClass.java:17)
at OverridingSameClass$A.abc(OverridingSameClass.java:17)
at OverridingSameClass$A.abc(OverridingSameClass.java:17)
at OverridingSameClass$A.abc(OverridingSameClass.java:17)
at OverridingSameClass$A.abc(OverridingSameClass.java:17)
at OverridingSameClass$A.abc(OverridingSameClass.java:17)
at OverridingSameClass$A.abc(OverridingSameClass.java:17)
at OverridingSameClass$A.abc(OverridingSameClass.java:17)
at OverridingSameClass$A.abc(OverridingSameClass.java:17)
at OverridingSameClass$A.abc(OverridingSameClass.java:17)
at OverridingSameClass$A.abc(OverridingSameClass.java:17)
at OverridingSameClass$A.abc(OverridingSameClass.java:17)
at OverridingSameClass$A.abc(OverridingSameClass.java:17)
at OverridingSameClass$A.abc(OverridingSameClass.java:17)
at OverridingSameClass$A.abc(OverridingSameClass.java:17)
at OverridingSameClass$A.abc(OverridingSameClass.java:17)
at OverridingSameClass$A.abc(OverridingSameClass.java:17)
at OverridingSameClass$A.abc(OverridingSameClass.java:17)
at OverridingSameClass$A.abc(OverridingSameClass.java:17)
at OverridingSameClass$A.abc(OverridingSameClass.java:17)
at OverridingSameClass$A.abc(OverridingSameClass.java:17)
at OverridingSameClass$A.abc(OverridingSameClass.java:17)
at OverridingSameClass$A.abc(OverridingSameClass.java:17)
at OverridingSameClass$A.abc(OverridingSameClass.java:17)
at OverridingSameClass$A.abc(OverridingSameClass.java:17)
at OverridingSameClass$A.abc(OverridingSameClass.java:17)
at OverridingSameClass$A.abc(OverridingSameClass.java:17)
at OverridingSameClass$A.abc(OverridingSameClass.java:17)
at OverridingSameClass$A.abc(OverridingSameClass.java:17)
at OverridingSameClass$A.abc(OverridingSameClass.java:17)
at OverridingSameClass$A.abc(OverridingSameClass.java:17)
at OverridingSameClass$A.abc(OverridingSameClass.java:17)
at OverridingSameClass$A.abc(OverridingSameClass.java:17)
at OverridingSameClass$A.abc(OverridingSameClass.java:17)
at OverridingSameClass$A.abc(OverridingSameClass.java:17)
at OverridingSameClass$A.abc(OverridingSameClass.java:17)
at OverridingSameClass$A.abc(OverridingSameClass.java:17)
at OverridingSameClass$A.abc(OverridingSameClass.java:17)
at OverridingSameClass$A.abc(OverridingSameClass.java:17)
at OverridingSameClass$A.abc(OverridingSameClass.java:17)
at OverridingSameClass$A.abc(OverridingSameClass.java:17)
at OverridingSameClass$A.abc(OverridingSameClass.java:17)
at OverridingSameClass$A.abc(OverridingSameClass.java:17)
at OverridingSameClass$A.abc(OverridingSameClass.java:17)
at OverridingSameClass$A.abc(OverridingSameClass.java:17)
at OverridingSameClass$A.abc(OverridingSameClass.java:17)
at OverridingSameClass$A.abc(OverridingSameClass.java:17)
at OverridingSameClass$A.abc(OverridingSameClass.java:17)
at OverridingSameClass$A.abc(OverridingSameClass.java:17)
at OverridingSameClass$A.abc(OverridingSameClass.java:17)
at OverridingSameClass$A.abc(OverridingSameClass.java:17)
at OverridingSameClass$A.abc(OverridingSameClass.java:17)
at OverridingSameClass$A.abc(OverridingSameClass.java:17)
at OverridingSameClass$A.abc(OverridingSameClass.java:17)
at OverridingSameClass$A.abc(OverridingSameClass.java:17)
at OverridingSameClass$A.abc(OverridingSameClass.java:17)
at OverridingSameClass$A.abc(OverridingSameClass.java:17)
at OverridingSameClass$A.abc(OverridingSameClass.java:17)
at OverridingSameClass$A.abc(OverridingSameClass.java:17)
at OverridingSameClass$A.abc(OverridingSameClass.java:17)
at OverridingSameClass$A.abc(OverridingSameClass.java:17)
at OverridingSameClass$A.abc(OverridingSameClass.java:17)
at OverridingSameClass$A.abc(OverridingSameClass.java:17)
at OverridingSameClass$A.abc(OverridingSameClass.java:17)
at OverridingSameClass$A.abc(OverridingSameClass.java:17)
at OverridingSameClass$A.abc(OverridingSameClass.java:17)
at OverridingSameClass$A.abc(OverridingSameClass.java:17)
at OverridingSameClass$A.abc(OverridingSameClass.java:17)
at OverridingSameClass$A.abc(OverridingSameClass.java:17)
at OverridingSameClass$A.abc(OverridingSameClass.java:17)
at OverridingSameClass$A.abc(OverridingSameClass.java:17)
at OverridingSameClass$A.abc(OverridingSameClass.java:17)
at OverridingSameClass$A.abc(OverridingSameClass.java:17)
at OverridingSameClass$A.abc(OverridingSameClass.java:17)
at OverridingSameClass$A.abc(OverridingSameClass.java:17)
at OverridingSameClass$A.abc(OverridingSameClass.java:17)
at OverridingSameClass$A.abc(OverridingSameClass.java:17)
at OverridingSameClass$A.abc(OverridingSameClass.java:17)
at OverridingSameClass$A.abc(OverridingSameClass.java:17)
at OverridingSameClass$A.abc(OverridingSameClass.java:17)
at OverridingSameClass$A.abc(OverridingSameClass.java:17)
at OverridingSameClass$A.abc(OverridingSameClass.java:17)
at OverridingSameClass$A.abc(OverridingSameClass.java:17)
at OverridingSameClass$A.abc(OverridingSameClass.java:17)
at OverridingSameClass$A.abc(OverridingSameClass.java:17)
at OverridingSameClass$A.abc(OverridingSameClass.java:17)
at OverridingSameClass$A.abc(OverridingSameClass.java:17)
at OverridingSameClass$A.abc(OverridingSameClass.java:17)
at OverridingSameClass$A.abc(OverridingSameClass.java:17)
at OverridingSameClass$A.abc(OverridingSameClass.java:17)
at OverridingSameClass$A.abc(OverridingSameClass.java:17)
at OverridingSameClass$A.abc(OverridingSameClass.java:17)
at OverridingSameClass$A.abc(OverridingSameClass.java:17)
at OverridingSameClass$A.abc(OverridingSameClass.java:17)
at OverridingSameClass$A.abc(OverridingSameClass.java:17)
at OverridingSameClass$A.abc(OverridingSameClass.java:17)
at OverridingSameClass$A.abc(OverridingSameClass.java:17)
at OverridingSameClass$A.abc(OverridingSameClass.java:17)
at OverridingSameClass$A.abc(OverridingSameClass.java:17)
at OverridingSameClass$A.abc(OverridingSameClass.java:17)
at OverridingSameClass$A.abc(OverridingSameClass.java:17)
at OverridingSameClass$A.abc(OverridingSameClass.java:17)
at OverridingSameClass$A.abc(OverridingSameClass.java:17)
at OverridingSameClass$A.abc(OverridingSameClass.java:17)
at OverridingSameClass$A.abc(OverridingSameClass.java:17)
at OverridingSameClass$A.abc(OverridingSameClass.java:17)
at OverridingSameClass$A.abc(OverridingSameClass.java:17)
at OverridingSameClass$A.abc(OverridingSameClass.java:17)
at OverridingSameClass$A.abc(OverridingSameClass.java:17)
at OverridingSameClass$A.abc(OverridingSameClass.java:17)
at OverridingSameClass$A.abc(OverridingSameClass.java:17)
at OverridingSameClass$A.abc(OverridingSameClass.java:17)
at OverridingSameClass$A.abc(OverridingSameClass.java:17)
at OverridingSameClass$A.abc(OverridingSameClass.java:17)
at OverridingSameClass$A.abc(OverridingSameClass.java:17)
at OverridingSameClass$A.abc(OverridingSameClass.java:17)
at OverridingSameClass$A.abc(OverridingSameClass.java:17)
at OverridingSameClass$A.abc(OverridingSameClass.java:17)
at OverridingSameClass$A.abc(OverridingSameClass.java:17)
at OverridingSameClass$A.abc(OverridingSameClass.java:17)
at OverridingSameClass$A.abc(OverridingSameClass.java:17)
at OverridingSameClass$A.abc(OverridingSameClass.java:17)
at OverridingSameClass$A.abc(OverridingSameClass.java:17)
at OverridingSameClass$A.abc(OverridingSameClass.java:17)
at OverridingSameClass$A.abc(OverridingSameClass.java:17)
at OverridingSameClass$A.abc(OverridingSameClass.java:17)
at OverridingSameClass$A.abc(OverridingSameClass.java:17)
at OverridingSameClass$A.abc(OverridingSameClass.java:17)
at OverridingSameClass$A.abc(OverridingSameClass.java:17)
at OverridingSameClass$A.abc(OverridingSameClass.java:17)
at OverridingSameClass$A.abc(OverridingSameClass.java:17)
at OverridingSameClass$A.abc(OverridingSameClass.java:17)
at OverridingSameClass$A.abc(OverridingSameClass.java:17)
at OverridingSameClass$A.abc(OverridingSameClass.java:17)
at OverridingSameClass$A.abc(OverridingSameClass.java:17)
at OverridingSameClass$A.abc(OverridingSameClass.java:17)
at OverridingSameClass$A.abc(OverridingSameClass.java:17)
at OverridingSameClass$A.abc(OverridingSameClass.java:17)
at OverridingSameClass$A.abc(OverridingSameClass.java:17)
at OverridingSameClass$A.abc(OverridingSameClass.java:17)
at OverridingSameClass$A.abc(OverridingSameClass.java:17)
at OverridingSameClass$A.abc(OverridingSameClass.java:17)
at OverridingSameClass$A.abc(OverridingSameClass.java:17)
at OverridingSameClass$A.abc(OverridingSameClass.java:17)
at OverridingSameClass$A.abc(OverridingSameClass.java:17)
at OverridingSameClass$A.abc(OverridingSameClass.java:17)
at OverridingSameClass$A.abc(OverridingSameClass.java:17)
at OverridingSameClass$A.abc(OverridingSameClass.java:17)
at OverridingSameClass$A.abc(OverridingSameClass.java:17)
at OverridingSameClass$A.abc(OverridingSameClass.java:17)
at OverridingSameClass$A.abc(OverridingSameClass.java:17)
at OverridingSameClass$A.abc(OverridingSameClass.java:17)
at OverridingSameClass$A.abc(OverridingSameClass.java:17)
at OverridingSameClass$A.abc(OverridingSameClass.java:17)
at OverridingSameClass$A.abc(OverridingSameClass.java:17)
at OverridingSameClass$A.abc(OverridingSameClass.java:17)
at OverridingSameClass$A.abc(OverridingSameClass.java:17)
at OverridingSameClass$A.abc(OverridingSameClass.java:17)
at OverridingSameClass$A.abc(OverridingSameClass.java:17)
at OverridingSameClass$A.abc(OverridingSameClass.java:17)
at OverridingSameClass$A.abc(OverridingSameClass.java:17)
at OverridingSameClass$A.abc(OverridingSameClass.java:17)
at OverridingSameClass$A.abc(OverridingSameClass.java:17)
at OverridingSameClass$A.abc(OverridingSameClass.java:17)
at OverridingSameClass$A.abc(OverridingSameClass.java:17)
at OverridingSameClass$A.abc(OverridingSameClass.java:17)
at OverridingSameClass$A.abc(OverridingSameClass.java:17)
at OverridingSameClass$A.abc(OverridingSameClass.java:17)
at OverridingSameClass$A.abc(OverridingSameClass.java:17)
at OverridingSameClass$A.abc(OverridingSameClass.java:17)
at OverridingSameClass$A.abc(OverridingSameClass.java:17)
at OverridingSameClass$A.abc(OverridingSameClass.java:17)
at OverridingSameClass$A.abc(OverridingSameClass.java:17)
at OverridingSameClass$A.abc(OverridingSameClass.java:17)
at OverridingSameClass$A.abc(OverridingSameClass.java:17)
at OverridingSameClass$A.abc(OverridingSameClass.java:17)
at OverridingSameClass$A.abc(OverridingSameClass.java:17)
at OverridingSameClass$A.abc(OverridingSameClass.java:17)
at OverridingSameClass$A.abc(OverridingSameClass.java:17)
at OverridingSameClass$A.abc(OverridingSameClass.java:17)
at OverridingSameClass$A.abc(OverridingSameClass.java:17)
at OverridingSameClass$A.abc(OverridingSameClass.java:17)
at OverridingSameClass$A.abc(OverridingSameClass.java:17)
at OverridingSameClass$A.abc(OverridingSameClass.java:17)
at OverridingSameClass$A.abc(OverridingSameClass.java:17)
at OverridingSameClass$A.abc(OverridingSameClass.java:17)
at OverridingSameClass$A.abc(OverridingSameClass.java:17)
at OverridingSameClass$A.abc(OverridingSameClass.java:17)
at OverridingSameClass$A.abc(OverridingSameClass.java:17)
at OverridingSameClass$A.abc(OverridingSameClass.java:17)
at OverridingSameClass$A.abc(OverridingSameClass.java:17)
at OverridingSameClass$A.abc(OverridingSameClass.java:17)
at OverridingSameClass$A.abc(OverridingSameClass.java:17)
at OverridingSameClass$A.abc(OverridingSameClass.java:17)
at OverridingSameClass$A.abc(OverridingSameClass.java:17)
at OverridingSameClass$A.abc(OverridingSameClass.java:17)
at OverridingSameClass$A.abc(OverridingSameClass.java:17)
at OverridingSameClass$A.abc(OverridingSameClass.java:17)
at OverridingSameClass$A.abc(OverridingSameClass.java:17)
at OverridingSameClass$A.abc(OverridingSameClass.java:17)
at OverridingSameClass$A.abc(OverridingSameClass.java:17)
at OverridingSameClass$A.abc(OverridingSameClass.java:17)
at OverridingSameClass$A.abc(OverridingSameClass.java:17)
at OverridingSameClass$A.abc(OverridingSameClass.java:17)
at OverridingSameClass$A.abc(OverridingSameClass.java:17)
at OverridingSameClass$A.abc(OverridingSameClass.java:17)
at OverridingSameClass$A.abc(OverridingSameClass.java:17)
at OverridingSameClass$A.abc(OverridingSameClass.java:17)
at OverridingSameClass$A.abc(OverridingSameClass.java:17)
at OverridingSameClass$A.abc(OverridingSameClass.java:17)
at OverridingSameClass$A.abc(OverridingSameClass.java:17)
at OverridingSameClass$A.abc(OverridingSameClass.java:17)
at OverridingSameClass$A.abc(OverridingSameClass.java:17)
at OverridingSameClass$A.abc(OverridingSameClass.java:17)
at OverridingSameClass$A.abc(OverridingSameClass.java:17)
at OverridingSameClass$A.abc(OverridingSameClass.java:17)
at OverridingSameClass$A.abc(OverridingSameClass.java:17)
at OverridingSameClass$A.abc(OverridingSameClass.java:17)
at OverridingSameClass$A.abc(OverridingSameClass.java:17)
at OverridingSameClass$A.abc(OverridingSameClass.java:17)
at OverridingSameClass$A.abc(OverridingSameClass.java:17)
at OverridingSameClass$A.abc(OverridingSameClass.java:17)
at OverridingSameClass$A.abc(OverridingSameClass.java:17)
at OverridingSameClass$A.abc(OverridingSameClass.java:17)
at OverridingSameClass$A.abc(OverridingSameClass.java:17)
at OverridingSameClass$A.abc(OverridingSameClass.java:17)
at OverridingSameClass$A.abc(OverridingSameClass.java:17)
at OverridingSameClass$A.abc(OverridingSameClass.java:17)
at OverridingSameClass$A.abc(OverridingSameClass.java:17)
at OverridingSameClass$A.abc(OverridingSameClass.java:17)
at OverridingSameClass$A.abc(OverridingSameClass.java:17)
at OverridingSameClass$A.abc(OverridingSameClass.java:17)
at OverridingSameClass$A.abc(OverridingSameClass.java:17)
at OverridingSameClass$A.abc(OverridingSameClass.java:17)
at OverridingSameClass$A.abc(OverridingSameClass.java:17)
at OverridingSameClass$A.abc(OverridingSameClass.java:17)
at OverridingSameClass$A.abc(OverridingSameClass.java:17)
at OverridingSameClass$A.abc(OverridingSameClass.java:17)
at OverridingSameClass$A.abc(OverridingSameClass.java:17)
at OverridingSameClass$A.abc(OverridingSameClass.java:17)
at OverridingSameClass$A.abc(OverridingSameClass.java:17)
at OverridingSameClass$A.abc(OverridingSameClass.java:17)
at OverridingSameClass$A.abc(OverridingSameClass.java:17)
at OverridingSameClass$A.abc(OverridingSameClass.java:17)
at OverridingSameClass$A.abc(OverridingSameClass.java:17)
at OverridingSameClass$A.abc(OverridingSameClass.java:17)
at OverridingSameClass$A.abc(OverridingSameClass.java:17)
at OverridingSameClass$A.abc(OverridingSameClass.java:17)
at OverridingSameClass$A.abc(OverridingSameClass.java:17)
at OverridingSameClass$A.abc(OverridingSameClass.java:17)
at OverridingSameClass$A.abc(OverridingSameClass.java:17)
at OverridingSameClass$A.abc(OverridingSameClass.java:17)
at OverridingSameClass$A.abc(OverridingSameClass.java:17)
at OverridingSameClass$A.abc(OverridingSameClass.java:17)
at OverridingSameClass$A.abc(OverridingSameClass.java:17)
at OverridingSameClass$A.abc(OverridingSameClass.java:17)
at OverridingSameClass$A.abc(OverridingSameClass.java:17)
at OverridingSameClass$A.abc(OverridingSameClass.java:17)
at OverridingSameClass$A.abc(OverridingSameClass.java:17)
at OverridingSameClass$A.abc(OverridingSameClass.java:17)
at OverridingSameClass$A.abc(OverridingSameClass.java:17)
at OverridingSameClass$A.abc(OverridingSameClass.java:17)
at OverridingSameClass$A.abc(OverridingSameClass.java:17)
at OverridingSameClass$A.abc(OverridingSameClass.java:17)
at OverridingSameClass$A.abc(OverridingSameClass.java:17)
at OverridingSameClass$A.abc(OverridingSameClass.java:17)
at OverridingSameClass$A.abc(OverridingSameClass.java:17)
at OverridingSameClass$A.abc(OverridingSameClass.java:17)
at OverridingSameClass$A.abc(OverridingSameClass.java:17)
at OverridingSameClass$A.abc(OverridingSameClass.java:17)
at OverridingSameClass$A.abc(OverridingSameClass.java:17)
at OverridingSameClass$A.abc(OverridingSameClass.java:17)
at OverridingSameClass$A.abc(OverridingSameClass.java:17)
at OverridingSameClass$A.abc(OverridingSameClass.java:17)
at OverridingSameClass$A.abc(OverridingSameClass.java:17)
at OverridingSameClass$A.abc(OverridingSameClass.java:17)
at OverridingSameClass$A.abc(OverridingSameClass.java:17)
at OverridingSameClass$A.abc(OverridingSameClass.java:17)
at OverridingSameClass$A.abc(OverridingSameClass.java:17)
at OverridingSameClass$A.abc(OverridingSameClass.java:17)
at OverridingSameClass$A.abc(OverridingSameClass.java:17)
at OverridingSameClass$A.abc(OverridingSameClass.java:17)
at OverridingSameClass$A.abc(OverridingSameClass.java:17)
at OverridingSameClass$A.abc(OverridingSameClass.java:17)
at OverridingSameClass$A.abc(OverridingSameClass.java:17)
at OverridingSameClass$A.abc(OverridingSameClass.java:17)
at OverridingSameClass$A.abc(OverridingSameClass.java:17)
at OverridingSameClass$A.abc(OverridingSameClass.java:17)
at OverridingSameClass$A.abc(OverridingSameClass.java:17)
at OverridingSameClass$A.abc(OverridingSameClass.java:17)
at OverridingSameClass$A.abc(OverridingSameClass.java:17)
at OverridingSameClass$A.abc(OverridingSameClass.java:17)
at OverridingSameClass$A.abc(OverridingSameClass.java:17)
at OverridingSameClass$A.abc(OverridingSameClass.java:17)
at OverridingSameClass$A.abc(OverridingSameClass.java:17)
at OverridingSameClass$A.abc(OverridingSameClass.java:17)
at OverridingSameClass$A.abc(OverridingSameClass.java:17)
at OverridingSameClass$A.abc(OverridingSameClass.java:17)
at OverridingSameClass$A.abc(OverridingSameClass.java:17)
at OverridingSameClass$A.abc(OverridingSameClass.java:17)
at OverridingSameClass$A.abc(OverridingSameClass.java:17)
at OverridingSameClass$A.abc(OverridingSameClass.java:17)
at OverridingSameClass$A.abc(OverridingSameClass.java:17)
at OverridingSameClass$A.abc(OverridingSameClass.java:17)
at OverridingSameClass$A.abc(OverridingSameClass.java:17)
at OverridingSameClass$A.abc(OverridingSameClass.java:17)
at OverridingSameClass$A.abc(OverridingSameClass.java:17)
at OverridingSameClass$A.abc(OverridingSameClass.java:17)
at OverridingSameClass$A.abc(OverridingSameClass.java:17)
at OverridingSameClass$A.abc(OverridingSameClass.java:17)
at OverridingSameClass$A.abc(OverridingSameClass.java:17)
at OverridingSameClass$A.abc(OverridingSameClass.java:17)
at OverridingSameClass$A.abc(OverridingSameClass.java:17)
at OverridingSameClass$A.abc(OverridingSameClass.java:17)
at OverridingSameClass$A.abc(OverridingSameClass.java:17)
at OverridingSameClass$A.abc(OverridingSameClass.java:17)
at OverridingSameClass$A.abc(OverridingSameClass.java:17)
at OverridingSameClass$A.abc(OverridingSameClass.java:17)
at OverridingSameClass$A.abc(OverridingSameClass.java:17)
at OverridingSameClass$A.abc(OverridingSameClass.java:17)
at OverridingSameClass$A.abc(OverridingSameClass.java:17)
at OverridingSameClass$A.abc(OverridingSameClass.java:17)
at OverridingSameClass$A.abc(OverridingSameClass.java:17)
at OverridingSameClass$A.abc(OverridingSameClass.java:17)
at OverridingSameClass$A.abc(OverridingSameClass.java:17)
at OverridingSameClass$A.abc(OverridingSameClass.java:17)
at OverridingSameClass$A.abc(OverridingSameClass.java:17)
at OverridingSameClass$A.abc(OverridingSameClass.java:17)
at OverridingSameClass$A.abc(OverridingSameClass.java:17)
at OverridingSameClass$A.abc(OverridingSameClass.java:17)
at OverridingSameClass$A.abc(OverridingSameClass.java:17)
at OverridingSameClass$A.abc(OverridingSameClass.java:17)
at OverridingSameClass$A.abc(OverridingSameClass.java:17)
at OverridingSameClass$A.abc(OverridingSameClass.java:17)
at OverridingSameClass$A.abc(OverridingSameClass.java:17)
at OverridingSameClass$A.abc(OverridingSameClass.java:17)
at OverridingSameClass$A.abc(OverridingSameClass.java:17)
at OverridingSameClass$A.abc(OverridingSameClass.java:17)
at OverridingSameClass$A.abc(OverridingSameClass.java:17)
at OverridingSameClass$A.abc(OverridingSameClass.java:17)
at OverridingSameClass$A.abc(OverridingSameClass.java:17)
at OverridingSameClass$A.abc(OverridingSameClass.java:17)
at OverridingSameClass$A.abc(OverridingSameClass.java:17)
at OverridingSameClass$A.abc(OverridingSameClass.java:17)
at OverridingSameClass$A.abc(OverridingSameClass.java:17)
at OverridingSameClass$A.abc(OverridingSameClass.java:17)
at OverridingSameClass$A.abc(OverridingSameClass.java:17)
at OverridingSameClass$A.abc(OverridingSameClass.java:17)
at OverridingSameClass$A.abc(OverridingSameClass.java:17)
at OverridingSameClass$A.abc(OverridingSameClass.java:17)
at OverridingSameClass$A.abc(OverridingSameClass.java:17)
at OverridingSameClass$A.abc(OverridingSameClass.java:17)
at OverridingSameClass$A.abc(OverridingSameClass.java:17)
at OverridingSameClass$A.abc(OverridingSameClass.java:17)
at OverridingSameClass$A.abc(OverridingSameClass.java:17)
at OverridingSameClass$A.abc(OverridingSameClass.java:17)
at OverridingSameClass$A.abc(OverridingSameClass.java:17)
at OverridingSameClass$A.abc(OverridingSameClass.java:17)
at OverridingSameClass$A.abc(OverridingSameClass.java:17)
at OverridingSameClass$A.abc(OverridingSameClass.java:17)
at OverridingSameClass$A.abc(OverridingSameClass.java:17)
at OverridingSameClass$A.abc(OverridingSameClass.java:17)
at OverridingSameClass$A.abc(OverridingSameClass.java:17)
at OverridingSameClass$A.abc(OverridingSameClass.java:17)
at OverridingSameClass$A.abc(OverridingSameClass.java:17)
at OverridingSameClass$A.abc(OverridingSameClass.java:17)
at OverridingSameClass$A.abc(OverridingSameClass.java:17)
at OverridingSameClass$A.abc(OverridingSameClass.java:17)
at OverridingSameClass$A.abc(OverridingSameClass.java:17)
at OverridingSameClass$A.abc(OverridingSameClass.java:17)
at OverridingSameClass$A.abc(OverridingSameClass.java:17)
at OverridingSameClass$A.abc(OverridingSameClass.java:17)
at OverridingSameClass$A.abc(OverridingSameClass.java:17)
at OverridingSameClass$A.abc(OverridingSameClass.java:17)
at OverridingSameClass$A.abc(OverridingSameClass.java:17)
at OverridingSameClass$A.abc(OverridingSameClass.java:17)
at OverridingSameClass$A.abc(OverridingSameClass.java:17)
at OverridingSameClass$A.abc(OverridingSameClass.java:17)
at OverridingSameClass$A.abc(OverridingSameClass.java:17)
at OverridingSameClass$A.abc(OverridingSameClass.java:17)
at OverridingSameClass$A.abc(OverridingSameClass.java:17)
at OverridingSameClass$A.abc(OverridingSameClass.java:17)
at OverridingSameClass$A.abc(OverridingSameClass.java:17)
at OverridingSameClass$A.abc(OverridingSameClass.java:17)
at OverridingSameClass$A.abc(OverridingSameClass.java:17)
at OverridingSameClass$A.abc(OverridingSameClass.java:17)
at OverridingSameClass$A.abc(OverridingSameClass.java:17)
at OverridingSameClass$A.abc(OverridingSameClass.java:17)
at OverridingSameClass$A.abc(OverridingSameClass.java:17)
at OverridingSameClass$A.abc(OverridingSameClass.java:17)
at OverridingSameClass$A.abc(OverridingSameClass.java:17)
at OverridingSameClass$A.abc(OverridingSameClass.java:17)
at OverridingSameClass$A.abc(OverridingSameClass.java:17)
at OverridingSameClass$A.abc(OverridingSameClass.java:17)
at OverridingSameClass$A.abc(OverridingSameClass.java:17)
at OverridingSameClass$A.abc(OverridingSameClass.java:17)
at OverridingSameClass$A.abc(OverridingSameClass.java:17)
at OverridingSameClass$A.abc(OverridingSameClass.java:17)
at OverridingSameClass$A.abc(OverridingSameClass.java:17)
at OverridingSameClass$A.abc(OverridingSameClass.java:17)
at OverridingSameClass$A.abc(OverridingSameClass.java:17)
at OverridingSameClass$A.abc(OverridingSameClass.java:17)
at OverridingSameClass$A.abc(OverridingSameClass.java:17)
at OverridingSameClass$A.abc(OverridingSameClass.java:17)
at OverridingSameClass$A.abc(OverridingSameClass.java:17)
at OverridingSameClass$A.abc(OverridingSameClass.java:17)
at OverridingSameClass$A.abc(OverridingSameClass.java:17)
at OverridingSameClass$A.abc(OverridingSameClass.java:17)
at OverridingSameClass$A.abc(OverridingSameClass.java:17)
at OverridingSameClass$A.abc(OverridingSameClass.java:17)
at OverridingSameClass$A.abc(OverridingSameClass.java:17)
at OverridingSameClass$A.abc(OverridingSameClass.java:17)
at OverridingSameClass$A.abc(OverridingSameClass.java:17)
at OverridingSameClass$A.abc(OverridingSameClass.java:17)
at OverridingSameClass$A.abc(OverridingSameClass.java:17)
at OverridingSameClass$A.abc(OverridingSameClass.java:17)
at OverridingSameClass$A.abc(OverridingSameClass.java:17)
at OverridingSameClass$A.abc(OverridingSameClass.java:17)
at OverridingSameClass$A.abc(OverridingSameClass.java:17)
at OverridingSameClass$A.abc(OverridingSameClass.java:17)
at OverridingSameClass$A.abc(OverridingSameClass.java:17)
at OverridingSameClass$A.abc(OverridingSameClass.java:17)
at OverridingSameClass$A.abc(OverridingSameClass.java:17)
at OverridingSameClass$A.abc(OverridingSameClass.java:17)
at OverridingSameClass$A.abc(OverridingSameClass.java:17)
at OverridingSameClass$A.abc(OverridingSameClass.java:17)
at OverridingSameClass$A.abc(OverridingSameClass.java:17)
at OverridingSameClass$A.abc(OverridingSameClass.java:17)
at OverridingSameClass$A.abc(OverridingSameClass.java:17)
at OverridingSameClass$A.abc(OverridingSameClass.java:17)
at OverridingSameClass$A.abc(OverridingSameClass.java:17)
at OverridingSameClass$A.abc(OverridingSameClass.java:17)
at OverridingSameClass$A.abc(OverridingSameClass.java:17)
at OverridingSameClass$A.abc(OverridingSameClass.java:17)
at OverridingSameClass$A.abc(OverridingSameClass.java:17)
at OverridingSameClass$A.abc(OverridingSameClass.java:17)
at OverridingSameClass$A.abc(OverridingSameClass.java:17)
at OverridingSameClass$A.abc(OverridingSameClass.java:17)
at OverridingSameClass$A.abc(OverridingSameClass.java:17)
at OverridingSameClass$A.abc(OverridingSameClass.java:17)
at OverridingSameClass$A.abc(OverridingSameClass.java:17)
at OverridingSameClass$A.abc(OverridingSameClass.java:17)
at OverridingSameClass$A.abc(OverridingSameClass.java:17)
at OverridingSameClass$A.abc(OverridingSameClass.java:17)
at OverridingSameClass$A.abc(OverridingSameClass.java:17)
at OverridingSameClass$A.abc(OverridingSameClass.java:17)
at OverridingSameClass$A.abc(OverridingSameClass.java:17)
at OverridingSameClass$A.abc(OverridingSameClass.java:17)
at OverridingSameClass$A.abc(OverridingSameClass.java:17)
at OverridingSameClass$A.abc(OverridingSameClass.java:17)
at OverridingSameClass$A.abc(OverridingSameClass.java:17)
at OverridingSameClass$A.abc(OverridingSameClass.java:17)
at OverridingSameClass$A.abc(OverridingSameClass.java:17)
at OverridingSameClass$A.abc(OverridingSameClass.java:17)
at OverridingSameClass$A.abc(OverridingSameClass.java:17)
at OverridingSameClass$A.abc(OverridingSameClass.java:17)
at OverridingSameClass$A.abc(OverridingSameClass.java:17)
at OverridingSameClass$A.abc(OverridingSameClass.java:17)
at OverridingSameClass$A.abc(OverridingSameClass.java:17)
at OverridingSameClass$A.abc(OverridingSameClass.java:17)
at OverridingSameClass$A.abc(OverridingSameClass.java:17)
at OverridingSameClass$A.abc(OverridingSameClass.java:17)
at OverridingSameClass$A.abc(OverridingSameClass.java:17)
at OverridingSameClass$A.abc(OverridingSameClass.java:17)
at OverridingSameClass$A.abc(OverridingSameClass.java:17)
at OverridingSameClass$A.abc(OverridingSameClass.java:17)
at OverridingSameClass$A.abc(OverridingSameClass.java:17)
at OverridingSameClass$A.abc(OverridingSameClass.java:17)
at OverridingSameClass$A.abc(OverridingSameClass.java:17)
at OverridingSameClass$A.abc(OverridingSameClass.java:17)
at OverridingSameClass$A.abc(OverridingSameClass.java:17)
at OverridingSameClass$A.abc(OverridingSameClass.java:17)
at OverridingSameClass$A.abc(OverridingSameClass.java:17)
at OverridingSameClass$A.abc(OverridingSameClass.java:17)
at OverridingSameClass$A.abc(OverridingSameClass.java:17)
at OverridingSameClass$A.abc(OverridingSameClass.java:17)
at OverridingSameClass$A.abc(OverridingSameClass.java:17)
at OverridingSameClass$A.abc(OverridingSameClass.java:17)
at OverridingSameClass$A.abc(OverridingSameClass.java:17)
at OverridingSameClass$A.abc(OverridingSameClass.java:17)
at OverridingSameClass$A.abc(OverridingSameClass.java:17)
at OverridingSameClass$A.abc(OverridingSameClass.java:17)
at OverridingSameClass$A.abc(OverridingSameClass.java:17)
at OverridingSameClass$A.abc(OverridingSameClass.java:17)
at OverridingSameClass$A.abc(OverridingSameClass.java:17)
at OverridingSameClass$A.abc(OverridingSameClass.java:17)
at OverridingSameClass$A.abc(OverridingSameClass.java:17)
at OverridingSameClass$A.abc(OverridingSameClass.java:17)
at OverridingSameClass$A.abc(OverridingSameClass.java:17)
at OverridingSameClass$A.abc(OverridingSameClass.java:17)
at OverridingSameClass$A.abc(OverridingSameClass.java:17)
at OverridingSameClass$A.abc(OverridingSameClass.java:17)
at OverridingSameClass$A.abc(OverridingSameClass.java:17)
at OverridingSameClass$A.abc(OverridingSameClass.java:17)
at OverridingSameClass$A.abc(OverridingSameClass.java:17)
at OverridingSameClass$A.abc(OverridingSameClass.java:17)
at OverridingSameClass$A.abc(OverridingSameClass.java:17)
at OverridingSameClass$A.abc(OverridingSameClass.java:17)
at OverridingSameClass$A.abc(OverridingSameClass.java:17)
at OverridingSameClass$A.abc(OverridingSameClass.java:17)
at OverridingSameClass$A.abc(OverridingSameClass.java:17)
at OverridingSameClass$A.abc(OverridingSameClass.java:17)
at OverridingSameClass$A.abc(OverridingSameClass.java:17)
at OverridingSameClass$A.abc(OverridingSameClass.java:17)
at OverridingSameClass$A.abc(OverridingSameClass.java:17)
at OverridingSameClass$A.abc(OverridingSameClass.java:17)
at OverridingSameClass$A.abc(OverridingSameClass.java:17)
at OverridingSameClass$A.abc(OverridingSameClass.java:17)
at OverridingSameClass$A.abc(OverridingSameClass.java:17)
at OverridingSameClass$A.abc(OverridingSameClass.java:17)
at OverridingSameClass$A.abc(OverridingSameClass.java:17)
at OverridingSameClass$A.abc(OverridingSameClass.java:17)
at OverridingSameClass$A.abc(OverridingSameClass.java:17)
at OverridingSameClass$A.abc(OverridingSameClass.java:17)
at OverridingSameClass$A.abc(OverridingSameClass.java:17)
at OverridingSameClass$A.abc(OverridingSameClass.java:17)
at OverridingSameClass$A.abc(OverridingSameClass.java:17)
at OverridingSameClass$A.abc(OverridingSameClass.java:17)
at OverridingSameClass$A.abc(OverridingSameClass.java:17)
at OverridingSameClass$A.abc(OverridingSameClass.java:17)
at OverridingSameClass$A.abc(OverridingSameClass.java:17)
at OverridingSameClass$A.abc(OverridingSameClass.java:17)
at OverridingSameClass$A.abc(OverridingSameClass.java:17)
at OverridingSameClass$A.abc(OverridingSameClass.java:17)
at OverridingSameClass$A.abc(OverridingSameClass.java:17)
at OverridingSameClass$A.abc(OverridingSameClass.java:17)
at OverridingSameClass$A.abc(OverridingSameClass.java:17)
at OverridingSameClass$A.abc(OverridingSameClass.java:17)
at OverridingSameClass$A.abc(OverridingSameClass.java:17)
at OverridingSameClass$A.abc(OverridingSameClass.java:17)
at OverridingSameClass$A.abc(OverridingSameClass.java:17)
at OverridingSameClass$A.abc(OverridingSameClass.java:17)
at OverridingSameClass$A.abc(OverridingSameClass.java:17)
at OverridingSameClass$A.abc(OverridingSameClass.java:17)
at OverridingSameClass$A.abc(OverridingSameClass.java:17)
at OverridingSameClass$A.abc(OverridingSameClass.java:17)
at OverridingSameClass$A.abc(OverridingSameClass.java:17)
at OverridingSameClass$A.abc(OverridingSameClass.java:17)
at OverridingSameClass$A.abc(OverridingSameClass.java:17)
at OverridingSameClass$A.abc(OverridingSameClass.java:17)
at OverridingSameClass$A.abc(OverridingSameClass.java:17)
at OverridingSameClass$A.abc(OverridingSameClass.java:17)
at OverridingSameClass$A.abc(OverridingSameClass.java:17)
at OverridingSameClass$A.abc(OverridingSameClass.java:17)
at OverridingSameClass$A.abc(OverridingSameClass.java:17)
at OverridingSameClass$A.abc(OverridingSameClass.java:17)
at OverridingSameClass$A.abc(OverridingSameClass.java:17)
at OverridingSameClass$A.abc(OverridingSameClass.java:17)
at OverridingSameClass$A.abc(OverridingSameClass.java:17)
at OverridingSameClass$A.abc(OverridingSameClass.java:17)
at OverridingSameClass$A.abc(OverridingSameClass.java:17)
at OverridingSameClass$A.abc(OverridingSameClass.java:17)
at OverridingSameClass$A.abc(OverridingSameClass.java:17)
at OverridingSameClass$A.abc(OverridingSameClass.java:17)
at OverridingSameClass$A.abc(OverridingSameClass.java:17)
at OverridingSameClass$A.abc(OverridingSameClass.java:17)
at OverridingSameClass$A.abc(OverridingSameClass.java:17)
at OverridingSameClass$A.abc(OverridingSameClass.java:17)
at OverridingSameClass$A.abc(OverridingSameClass.java:17)
at OverridingSameClass$A.abc(OverridingSameClass.java:17)
at OverridingSameClass$A.abc(OverridingSameClass.java:17)
at OverridingSameClass$A.abc(OverridingSameClass.java:17)
at OverridingSameClass$A.abc(OverridingSameClass.java:17)
at OverridingSameClass$A.abc(OverridingSameClass.java:17)
at OverridingSameClass$A.abc(OverridingSameClass.java:17)
at OverridingSameClass$A.abc(OverridingSameClass.java:17)
at OverridingSameClass$A.abc(OverridingSameClass.java:17)
at OverridingSameClass$A.abc(OverridingSameClass.java:17)
at OverridingSameClass$A.abc(OverridingSameClass.java:17)
at OverridingSameClass$A.abc(OverridingSameClass.java:17)
at OverridingSameClass$A.abc(OverridingSameClass.java:17)
at OverridingSameClass$A.abc(OverridingSameClass.java:17)
at OverridingSameClass$A.abc(OverridingSameClass.java:17)
at OverridingSameClass$A.abc(OverridingSameClass.java:17)
at OverridingSameClass$A.abc(OverridingSameClass.java:17)
at OverridingSameClass$A.abc(OverridingSameClass.java:17)
at OverridingSameClass$A.abc(OverridingSameClass.java:17)
at OverridingSameClass$A.abc(OverridingSameClass.java:17)
at OverridingSameClass$A.abc(OverridingSameClass.java:17)
at OverridingSameClass$A.abc(OverridingSameClass.java:17)
at OverridingSameClass$A.abc(OverridingSameClass.java:17)
at OverridingSameClass$A.abc(OverridingSameClass.java:17)
at OverridingSameClass$A.abc(OverridingSameClass.java:17)
at OverridingSameClass$A.abc(OverridingSameClass.java:17)
at OverridingSameClass$A.abc(OverridingSameClass.java:17)
at OverridingSameClass$A.abc(OverridingSameClass.java:17)
at OverridingSameClass$A.abc(OverridingSameClass.java:17)
at OverridingSameClass$A.abc(OverridingSameClass.java:17)
at OverridingSameClass$A.abc(OverridingSameClass.java:17)
at OverridingSameClass$A.abc(OverridingSameClass.java:17)
at OverridingSameClass$A.abc(OverridingSameClass.java:17)
at OverridingSameClass$A.abc(OverridingSameClass.java:17)
at OverridingSameClass$A.abc(OverridingSameClass.java:17)
at OverridingSameClass$A.abc(OverridingSameClass.java:17)
at OverridingSameClass$A.abc(OverridingSameClass.java:17)
at OverridingSameClass$A.abc(OverridingSameClass.java:17)
at OverridingSameClass$A.abc(OverridingSameClass.java:17)
at OverridingSameClass$A.abc(OverridingSameClass.java:17)
at OverridingSameClass$A.abc(OverridingSameClass.java:17)
at OverridingSameClass$A.abc(OverridingSameClass.java:17)
at OverridingSameClass$A.abc(OverridingSameClass.java:17)
at OverridingSameClass$A.abc(OverridingSameClass.java:17)
at OverridingSameClass$A.abc(OverridingSameClass.java:17)
at OverridingSameClass$A.abc(OverridingSameClass.java:17)
at OverridingSameClass$A.abc(OverridingSameClass.java:17)
at OverridingSameClass$A.abc(OverridingSameClass.java:17)
at OverridingSameClass$A.abc(OverridingSameClass.java:17)
at OverridingSameClass$A.abc(OverridingSameClass.java:17)
at OverridingSameClass$A.abc(OverridingSameClass.java:17)
at OverridingSameClass$A.abc(OverridingSameClass.java:17)
at OverridingSameClass$A.abc(OverridingSameClass.java:17)
at OverridingSameClass$A.abc(OverridingSameClass.java:17)
at OverridingSameClass$A.abc(OverridingSameClass.java:17)
at OverridingSameClass$A.abc(OverridingSameClass.java:17)
at OverridingSameClass$A.abc(OverridingSameClass.java:17)
at OverridingSameClass$A.abc(OverridingSameClass.java:17)
at OverridingSameClass$A.abc(OverridingSameClass.java:17)
at OverridingSameClass$A.abc(OverridingSameClass.java:17)
at OverridingSameClass$A.abc(OverridingSameClass.java:17)
at OverridingSameClass$A.abc(OverridingSameClass.java:17)
at OverridingSameClass$A.abc(OverridingSameClass.java:17)
at OverridingSameClass$A.abc(OverridingSameClass.java:17)
at OverridingSameClass$A.abc(OverridingSameClass.java:17)
at OverridingSameClass$A.abc(OverridingSameClass.java:17)
at OverridingSameClass$A.abc(OverridingSameClass.java:17)
at OverridingSameClass$A.abc(OverridingSameClass.java:17)
at OverridingSameClass$A.abc(OverridingSameClass.java:17)
at OverridingSameClass$A.abc(OverridingSameClass.java:17)
at OverridingSameClass$A.abc(OverridingSameClass.java:17)
at OverridingSameClass$A.abc(OverridingSameClass.java:17)
at OverridingSameClass$A.abc(OverridingSameClass.java:17)
at OverridingSameClass$A.abc(OverridingSameClass.java:17)
at OverridingSameClass$A.abc(OverridingSameClass.java:17)
at OverridingSameClass$A.abc(OverridingSameClass.java:17)
at OverridingSameClass$A.abc(OverridingSameClass.java:17)
at OverridingSameClass$A.abc(OverridingSameClass.java:17)
at OverridingSameClass$A.abc(OverridingSameClass.java:17)
at OverridingSameClass$A.abc(OverridingSameClass.java:17)
at OverridingSameClass$A.abc(OverridingSameClass.java:17)
at OverridingSameClass$A.abc(OverridingSameClass.java:17)
at OverridingSameClass$A.abc(OverridingSameClass.java:17)
at OverridingSameClass$A.abc(OverridingSameClass.java:17)
at OverridingSameClass$A.abc(OverridingSameClass.java:17)
at OverridingSameClass$A.abc(OverridingSameClass.java:17)
at OverridingSameClass$A.abc(OverridingSameClass.java:17)
at OverridingSameClass$A.abc(OverridingSameClass.java:17)
at OverridingSameClass$A.abc(OverridingSameClass.java:17)
at OverridingSameClass$A.abc(OverridingSameClass.java:17)
at OverridingSameClass$A.abc(OverridingSameClass.java:17)
at OverridingSameClass$A.abc(OverridingSameClass.java:17)
at OverridingSameClass$A.abc(OverridingSameClass.java:17)
at OverridingSameClass$A.abc(OverridingSameClass.java:17)
at OverridingSameClass$A.abc(OverridingSameClass.java:17)
at OverridingSameClass$A.abc(OverridingSameClass.java:17)
at OverridingSameClass$A.abc(OverridingSameClass.java:17)
at OverridingSameClass$A.abc(OverridingSameClass.java:17)
at OverridingSameClass$A.abc(OverridingSameClass.java:17)
at OverridingSameClass$A.abc(OverridingSameClass.java:17)
at OverridingSameClass$A.abc(OverridingSameClass.java:17)
at OverridingSameClass$A.abc(OverridingSameClass.java:17)
at OverridingSameClass$A.abc(OverridingSameClass.java:17)
at OverridingSameClass$A.abc(OverridingSameClass.java:17)
at OverridingSameClass$A.abc(OverridingSameClass.java:17)
at OverridingSameClass$A.abc(OverridingSameClass.java:17)
at OverridingSameClass$A.abc(OverridingSameClass.java:17)
at OverridingSameClass$A.abc(OverridingSameClass.java:17)
at OverridingSameClass$A.abc(OverridingSameClass.java:17)
at OverridingSameClass$A.abc(OverridingSameClass.java:17)
at OverridingSameClass$A.abc(OverridingSameClass.java:17)
at OverridingSameClass$A.abc(OverridingSameClass.java:17)
at OverridingSameClass$A.abc(OverridingSameClass.java:17)
at OverridingSameClass$A.abc(OverridingSameClass.java:17)
at OverridingSameClass$A.abc(OverridingSameClass.java:17)
at OverridingSameClass$A.abc(OverridingSameClass.java:17)
at OverridingSameClass$A.abc(OverridingSameClass.java:17)
at OverridingSameClass$A.abc(OverridingSameClass.java:17)
at OverridingSameClass$A.abc(OverridingSameClass.java:17)
at OverridingSameClass$A.abc(OverridingSameClass.java:17)
at OverridingSameClass$A.abc(OverridingSameClass.java:17)
at OverridingSameClass$A.abc(OverridingSameClass.java:17)
at OverridingSameClass$A.abc(OverridingSameClass.java:17)
at OverridingSameClass$A.abc(OverridingSameClass.java:17)
at OverridingSameClass$A.abc(OverridingSameClass.java:17)
at OverridingSameClass$A.abc(OverridingSameClass.java:17)
at OverridingSameClass$A.abc(OverridingSameClass.java:17)
at OverridingSameClass$A.abc(OverridingSameClass.java:17)
at OverridingSameClass$A.abc(OverridingSameClass.java:17)
at OverridingSameClass$A.abc(OverridingSameClass.java:17)
at OverridingSameClass$A.abc(OverridingSameClass.java:17)
at OverridingSameClass$A.abc(OverridingSameClass.java:17)
at OverridingSameClass$A.abc(OverridingSameClass.java:17)
at OverridingSameClass$A.abc(OverridingSameClass.java:17)
at OverridingSameClass$A.abc(OverridingSameClass.java:17)
at OverridingSameClass$A.abc(OverridingSameClass.java:17)
at OverridingSameClass$A.abc(OverridingSameClass.java:17)
at OverridingSameClass$A.abc(OverridingSameClass.java:17)
at OverridingSameClass$A.abc(OverridingSameClass.java:17)
at OverridingSameClass$A.abc(OverridingSameClass.java:17)
at OverridingSameClass$A.abc(OverridingSameClass.java:17)
at OverridingSameClass$A.abc(OverridingSameClass.java:17)
at OverridingSameClass$A.abc(OverridingSameClass.java:17)
at OverridingSameClass$A.abc(OverridingSameClass.java:17)
at OverridingSameClass$A.abc(OverridingSameClass.java:17)
at OverridingSameClass$A.abc(OverridingSameClass.java:17)
at OverridingSameClass$A.abc(OverridingSameClass.java:17)
at OverridingSameClass$A.abc(OverridingSameClass.java:17)
at OverridingSameClass$A.abc(OverridingSameClass.java:17)
at OverridingSameClass$A.abc(OverridingSameClass.java:17)
at OverridingSameClass$A.abc(OverridingSameClass.java:17)
at OverridingSameClass$A.abc(OverridingSameClass.java:17)
at OverridingSameClass$A.abc(OverridingSameClass.java:17)
at OverridingSameClass$A.abc(OverridingSameClass.java:17)
at OverridingSameClass$A.abc(OverridingSameClass.java:17)
at OverridingSameClass$A.abc(OverridingSameClass.java:17)
at OverridingSameClass$A.abc(OverridingSameClass.java:17)
at OverridingSameClass$A.abc(OverridingSameClass.java:17)
at OverridingSameClass$A.abc(OverridingSameClass.java:17)
at OverridingSameClass$A.abc(OverridingSameClass.java:17)
at OverridingSameClass$A.abc(OverridingSameClass.java:17)
at OverridingSameClass$A.abc(OverridingSameClass.java:17)
at OverridingSameClass$A.abc(OverridingSameClass.java:17)
at OverridingSameClass$A.abc(OverridingSameClass.java:17)
at OverridingSameClass$A.abc(OverridingSameClass.java:17)
at OverridingSameClass$A.abc(OverridingSameClass.java:17)
at OverridingSameClass$A.abc(OverridingSameClass.java:17)
at OverridingSameClass$A.abc(OverridingSameClass.java:17)
at OverridingSameClass$A.abc(OverridingSameClass.java:17)
at OverridingSameClass$A.abc(OverridingSameClass.java:17)
at OverridingSameClass$A.abc(OverridingSameClass.java:17)
at OverridingSameClass$A.abc(OverridingSameClass.java:17)
at OverridingSameClass$A.abc(OverridingSameClass.java:17)
at OverridingSameClass$A.abc(OverridingSameClass.java:17)
at OverridingSameClass$A.abc(OverridingSameClass.java:17)
at OverridingSameClass$A.abc(OverridingSameClass.java:17)
at OverridingSameClass$A.abc(OverridingSameClass.java:17)
at OverridingSameClass$A.abc(OverridingSameClass.java:17)
at OverridingSameClass$A.abc(OverridingSameClass.java:17)
at OverridingSameClass$A.abc(OverridingSameClass.java:17)
at OverridingSameClass$A.abc(OverridingSameClass.java:17)
at OverridingSameClass$A.abc(OverridingSameClass.java:17)
at OverridingSameClass$A.abc(OverridingSameClass.java:17)
at OverridingSameClass$A.abc(OverridingSameClass.java:17)
at OverridingSameClass$A.abc(OverridingSameClass.java:17)
at OverridingSameClass$A.abc(OverridingSameClass.java:17)
at OverridingSameClass$A.abc(OverridingSameClass.java:17)
at OverridingSameClass$A.abc(OverridingSameClass.java:17)
at OverridingSameClass$A.abc(OverridingSameClass.java:17)
at OverridingSameClass$A.abc(OverridingSameClass.java:17)
at OverridingSameClass$A.abc(OverridingSameClass.java:17)
at OverridingSameClass$A.abc(OverridingSameClass.java:17)
at OverridingSameClass$A.abc(OverridingSameClass.java:17)
at OverridingSameClass$A.abc(OverridingSameClass.java:17)
at OverridingSameClass$A.abc(OverridingSameClass.java:17)
at OverridingSameClass$A.abc(OverridingSameClass.java:17)
at OverridingSameClass$A.abc(OverridingSameClass.java:17)
at OverridingSameClass$A.abc(OverridingSameClass.java:17)
at OverridingSameClass$A.abc(OverridingSameClass.java:17)
at OverridingSameClass$A.abc(OverridingSameClass.java:17)
at OverridingSameClass$A.abc(OverridingSameClass.java:17)
at OverridingSameClass$A.abc(OverridingSameClass.java:17)
at OverridingSameClass$A.abc(OverridingSameClass.java:17)
at OverridingSameClass$A.abc(OverridingSameClass.java:17)
at OverridingSameClass$A.abc(OverridingSameClass.java:17)
at OverridingSameClass$A.abc(OverridingSameClass.java:17)
at OverridingSameClass$A.abc(OverridingSameClass.java:17)
at OverridingSameClass$A.abc(OverridingSameClass.java:17)
at OverridingSameClass$A.abc(OverridingSameClass.java:17)
at OverridingSameClass$A.abc(OverridingSameClass.java:17)
at OverridingSameClass$A.abc(OverridingSameClass.java:17)
at OverridingSameClass$A.abc(OverridingSameClass.java:17)
at OverridingSameClass$A.abc(OverridingSameClass.java:17)
at OverridingSameClass$A.abc(OverridingSameClass.java:17)
at OverridingSameClass$A.abc(OverridingSameClass.java:17)
at OverridingSameClass$A.abc(OverridingSameClass.java:17)
at OverridingSameClass$A.abc(OverridingSameClass.java:17)
at OverridingSameClass$A.abc(OverridingSameClass.java:17)
at OverridingSameClass$A.abc(OverridingSameClass.java:17)
at OverridingSameClass$A.abc(OverridingSameClass.java:17)
at OverridingSameClass$A.abc(OverridingSameClass.java:17)
at OverridingSameClass$A.abc(OverridingSameClass.java:17)
at OverridingSameClass$A.abc(OverridingSameClass.java:17)
at OverridingSameClass$A.abc(OverridingSameClass.java:17)
at OverridingSameClass$A.abc(OverridingSameClass.java:17)
at OverridingSameClass$A.abc(OverridingSameClass.java:17)
at OverridingSameClass$A.abc(OverridingSameClass.java:17)
at OverridingSameClass$A.abc(OverridingSameClass.java:17)
at OverridingSameClass$A.abc(OverridingSameClass.java:17)
at OverridingSameClass$A.abc(OverridingSameClass.java:17)
at OverridingSameClass$A.abc(OverridingSameClass.java:17)
at OverridingSameClass$A.abc(OverridingSameClass.java:17)
at OverridingSameClass$A.abc(OverridingSameClass.java:17)
at OverridingSameClass$A.abc(OverridingSameClass.java:17)
at OverridingSameClass$A.abc(OverridingSameClass.java:17)
at OverridingSameClass$A.abc(OverridingSameClass.java:17)
at OverridingSameClass$A.abc(OverridingSameClass.java:17)
at OverridingSameClass$A.abc(OverridingSameClass.java:17)
at OverridingSameClass$A.abc(OverridingSameClass.java:17)
at OverridingSameClass$A.abc(OverridingSameClass.java:17)
at OverridingSameClass$A.abc(OverridingSameClass.java:17)
at OverridingSameClass$A.abc(OverridingSameClass.java:17)
at OverridingSameClass$A.abc(OverridingSameClass.java:17)
at OverridingSameClass$A.abc(OverridingSameClass.java:17)
at OverridingSameClass$A.abc(OverridingSameClass.java:17)
at OverridingSameClass$A.abc(OverridingSameClass.java:17)
at OverridingSameClass$A.abc(OverridingSameClass.java:17)
at OverridingSameClass$A.abc(OverridingSameClass.java:17)
at OverridingSameClass$A.abc(OverridingSameClass.java:17)
at OverridingSameClass$A.abc(OverridingSameClass.java:17)
at OverridingSameClass$A.abc(OverridingSameClass.java:17)
at OverridingSameClass$A.abc(OverridingSameClass.java:17)
at OverridingSameClass$A.abc(OverridingSameClass.java:17)
at OverridingSameClass$A.abc(OverridingSameClass.java:17)
at OverridingSameClass$A.abc(OverridingSameClass.java:17)
at OverridingSameClass$A.abc(OverridingSameClass.java:17)
at OverridingSameClass$A.abc(OverridingSameClass.java:17)
at OverridingSameClass$A.abc(OverridingSameClass.java:17)
at OverridingSameClass$A.abc(OverridingSameClass.java:17)
at OverridingSameClass$A.abc(OverridingSameClass.java:17)
at OverridingSameClass$A.abc(OverridingSameClass.java:17)
at OverridingSameClass$A.abc(OverridingSameClass.java:17)
at OverridingSameClass$A.abc(OverridingSameClass.java:17)
at OverridingSameClass$A.abc(OverridingSameClass.java:17)
at OverridingSameClass$A.abc(OverridingSameClass.java:17)
at OverridingSameClass$A.abc(OverridingSameClass.java:17)
at OverridingSameClass$A.abc(OverridingSameClass.java:17)
at OverridingSameClass$A.abc(OverridingSameClass.java:17)
at OverridingSameClass$A.abc(OverridingSameClass.java:17)
at OverridingSameClass$A.abc(OverridingSameClass.java:17)
at OverridingSameClass$A.abc(OverridingSameClass.java:17)
at OverridingSameClass$A.abc(OverridingSameClass.java:17)
at OverridingSameClass$A.abc(OverridingSameClass.java:17)
at OverridingSameClass$A.abc(OverridingSameClass.java:17)
at OverridingSameClass$A.abc(OverridingSameClass.java:17)
at OverridingSameClass$A.abc(OverridingSameClass.java:17)
at OverridingSameClass$A.abc(OverridingSameClass.java:17)
at OverridingSameClass$A.abc(OverridingSameClass.java:17)
at OverridingSameClass$A.abc(OverridingSameClass.java:17)
at OverridingSameClass$A.abc(OverridingSameClass.java:17)
at OverridingSameClass$A.abc(OverridingSameClass.java:17)
at OverridingSameClass$A.abc(OverridingSameClass.java:17)
at OverridingSameClass$A.abc(OverridingSameClass.java:17)
at OverridingSameClass$A.abc(OverridingSameClass.java:17)
at OverridingSameClass$A.abc(OverridingSameClass.java:17)
at OverridingSameClass$A.abc(OverridingSameClass.java:17)
at OverridingSameClass$A.abc(OverridingSameClass.java:17)
at OverridingSameClass$A.abc(OverridingSameClass.java:17)
at OverridingSameClass$A.abc(OverridingSameClass.java:17)
at OverridingSameClass$A.abc(OverridingSameClass.java:17)
at OverridingSameClass$A.abc(OverridingSameClass.java:17)
at OverridingSameClass$A.abc(OverridingSameClass.java:17)
at OverridingSameClass$A.abc(OverridingSameClass.java:17)
at OverridingSameClass$A.abc(OverridingSameClass.java:17)
at OverridingSameClass$A.abc(OverridingSameClass.java:17)
at OverridingSameClass$A.abc(OverridingSameClass.java:17)
at OverridingSameClass$A.abc(OverridingSameClass.java:17)
at OverridingSameClass$A.abc(OverridingSameClass.java:17)
at OverridingSameClass$A.abc(OverridingSameClass.java:17)
at OverridingSameClass$A.abc(OverridingSameClass.java:17)
at OverridingSameClass$A.abc(OverridingSameClass.java:17)
at OverridingSameClass$A.abc(OverridingSameClass.java:17)
at OverridingSameClass$A.abc(OverridingSameClass.java:17)
at OverridingSameClass$A.abc(OverridingSameClass.java:17)
at OverridingSameClass$A.abc(OverridingSameClass.java:17)
at OverridingSameClass$A.abc(OverridingSameClass.java:17)
at OverridingSameClass$A.abc(OverridingSameClass.java:17)
at OverridingSameClass$A.abc(OverridingSameClass.java:17)
at OverridingSameClass$A.abc(OverridingSameClass.java:17)
at OverridingSameClass$A.abc(OverridingSameClass.java:17)
at OverridingSameClass$A.abc(OverridingSameClass.java:17)
at OverridingSameClass$A.abc(OverridingSameClass.java:17)
]]>
    </error>
  </testcase> <!-- abc -->
</testsuite> <!-- OverridingSameClass$A -->
