<?xml version="1.0" encoding="UTF-8"?>
<!-- Generated by org.testng.reporters.JUnitReportReporter -->
<testsuite hostname="DESKTOP-BJINFAG" failures="0" tests="1" name="com.inter.Cow" time="0.014" errors="0" timestamp="02 Mar 2020 16:05:00 GMT" skipped="0">
  <testcase classname="com.inter.Cow" name="loging" time="0.014"/>
</testsuite> <!-- com.inter.Cow -->
