<?xml version="1.0" encoding="UTF-8"?>
<!-- Generated by org.testng.reporters.JUnitReportReporter -->
<testsuite hostname="DESKTOP-BJINFAG" failures="0" tests="1" name="com.inter.childclass" time="0.016" errors="0" timestamp="02 Mar 2020 20:40:53 GMT" skipped="0">
  <testcase classname="com.inter.childclass" name="test" time="0.016"/>
</testsuite> <!-- com.inter.childclass -->
