<?xml version="1.0" encoding="UTF-8"?>
<!-- Generated by org.testng.reporters.JUnitReportReporter -->
<testsuite hostname="DESKTOP-BJINFAG" failures="0" tests="1" name="com.inter.gatandset$A" time="0.016" errors="0" timestamp="05 Mar 2020 04:04:22 GMT" skipped="0">
  <testcase classname="com.inter.gatandset$A" name="set" time="0.016"/>
</testsuite> <!-- com.inter.gatandset$A -->
