<?xml version="1.0" encoding="UTF-8"?>
<!-- Generated by org.testng.reporters.JUnitReportReporter -->
<testsuite hostname="DESKTOP-BJINFAG" failures="0" tests="1" name="Overriding" time="0.012" errors="0" timestamp="02 Mar 2020 18:37:53 GMT" skipped="0">
  <testcase classname="Overriding" name="abc" time="0.012"/>
</testsuite> <!-- Overriding -->
