<?xml version="1.0" encoding="UTF-8"?>
<!-- Generated by org.testng.reporters.JUnitReportReporter -->
<testsuite hostname="DESKTOP-BJINFAG" failures="0" tests="1" name="com.inter.test" time="16.695" errors="0" timestamp="02 Mar 2020 23:54:53 GMT" skipped="0">
  <testcase classname="com.inter.test" name="re" time="16.695"/>
</testsuite> <!-- com.inter.test -->
