<?xml version="1.0" encoding="UTF-8"?>
<!-- Generated by org.testng.reporters.JUnitReportReporter -->
<testsuite hostname="DESKTOP-BJINFAG" failures="0" tests="1" name="overridingTest" time="0.016" errors="0" timestamp="02 Mar 2020 18:50:34 GMT" skipped="0">
  <testcase classname="overridingTest" name="ab" time="0.016"/>
</testsuite> <!-- overridingTest -->
